TN:
SF:node_modules/@openzeppelin/contracts/access/Ownable.sol
FN:56,Ownable.owner
FNDA:0,Ownable.owner
DA:57,22
FN:63,Ownable._checkOwner
FNDA:22,Ownable._checkOwner
DA:64,22
BRDA:64,0,0,1
BRDA:64,0,1,21
DA:65,1
FN:76,Ownable.renounceOwnership
FNDA:0,Ownable.renounceOwnership
DA:77,0
FN:84,Ownable.transferOwnership
FNDA:0,Ownable.transferOwnership
DA:85,0
BRDA:85,1,0,-
BRDA:85,1,1,-
DA:86,0
DA:88,0
FN:95,Ownable._transferOwnership
FNDA:0,Ownable._transferOwnership
DA:96,0
DA:97,0
DA:98,0
FNF:5
FNH:1
LF:10
LH:3
BRF:4
BRH:2
end_of_record
TN:
SF:node_modules/@openzeppelin/contracts/utils/Context.sol
FN:17,Context._msgSender
FNDA:23,Context._msgSender
DA:18,23
FN:21,Context._msgData
FNDA:0,Context._msgData
DA:22,0
FN:25,Context._contextSuffixLength
FNDA:0,Context._contextSuffixLength
DA:26,0
FNF:3
FNH:1
LF:3
LH:1
BRF:0
BRH:0
end_of_record
TN:
SF:src/voting.sol
FN:53,Voting.getVoter
FNDA:1,Voting.getVoter
DA:54,1
FN:57,Voting.getOneProposal
FNDA:1,Voting.getOneProposal
DA:58,1
FN:64,Voting.addVoter
FNDA:8,Voting.addVoter
DA:65,7
BRDA:65,0,0,-
BRDA:65,0,1,7
DA:66,7
BRDA:66,1,0,1
BRDA:66,1,1,6
DA:68,6
DA:69,6
FN:75,Voting.addProposal
FNDA:4,Voting.addProposal
DA:76,4
BRDA:76,2,0,-
BRDA:76,2,1,4
DA:77,4
BRDA:77,3,0,-
BRDA:77,3,1,4
DA:80,4
DA:81,4
DA:82,4
DA:84,4
FN:89,Voting.setVote
FNDA:4,Voting.setVote
DA:90,4
BRDA:90,4,0,1
BRDA:90,4,1,3
DA:91,3
BRDA:91,5,0,1
BRDA:91,5,1,2
DA:92,2
BRDA:92,6,0,-
BRDA:92,6,1,2
DA:94,2
DA:95,2
DA:96,2
DA:98,2
FN:104,Voting.startProposalsRegistering
FNDA:5,Voting.startProposalsRegistering
DA:105,5
BRDA:105,7,0,-
BRDA:105,7,1,5
DA:106,5
DA:108,5
DA:109,5
DA:110,5
DA:112,5
FN:115,Voting.endProposalsRegistering
FNDA:4,Voting.endProposalsRegistering
DA:116,4
BRDA:116,8,0,-
BRDA:116,8,1,4
DA:117,4
DA:118,4
FN:121,Voting.startVotingSession
FNDA:3,Voting.startVotingSession
DA:122,3
BRDA:122,9,0,-
BRDA:122,9,1,3
DA:123,3
DA:124,3
FN:127,Voting.endVotingSession
FNDA:1,Voting.endVotingSession
DA:128,1
BRDA:128,10,0,-
BRDA:128,10,1,1
DA:129,1
DA:130,1
FN:134,Voting.tallyVotes
FNDA:1,Voting.tallyVotes
DA:135,1
BRDA:135,11,0,-
BRDA:135,11,1,1
DA:136,1
DA:137,1
DA:138,1
BRDA:138,12,0,-
BRDA:138,12,1,1
DA:139,0
DA:142,1
DA:144,1
DA:145,1
FNF:10
FNH:10
LF:42
LH:41
BRF:26
BRH:16
end_of_record
