TN:
SF:node_modules/@openzeppelin/contracts/access/Ownable.sol
FN:56,Ownable.owner
FNDA:0,Ownable.owner
DA:57,9
FN:63,Ownable._checkOwner
FNDA:9,Ownable._checkOwner
DA:64,9
BRDA:64,0,0,-
BRDA:64,0,1,9
DA:65,0
FN:76,Ownable.renounceOwnership
FNDA:0,Ownable.renounceOwnership
DA:77,0
FN:84,Ownable.transferOwnership
FNDA:0,Ownable.transferOwnership
DA:85,0
BRDA:85,1,0,-
BRDA:85,1,1,-
DA:86,0
DA:88,0
FN:95,Ownable._transferOwnership
FNDA:0,Ownable._transferOwnership
DA:96,0
DA:97,0
DA:98,0
FNF:5
FNH:1
LF:10
LH:2
BRF:4
BRH:1
end_of_record
TN:
SF:node_modules/@openzeppelin/contracts/utils/Context.sol
FN:17,Context._msgSender
FNDA:9,Context._msgSender
DA:18,9
FN:21,Context._msgData
FNDA:0,Context._msgData
DA:22,0
FN:25,Context._contextSuffixLength
FNDA:0,Context._contextSuffixLength
DA:26,0
FNF:3
FNH:1
LF:3
LH:1
BRF:0
BRH:0
end_of_record
TN:
SF:src/voting.sol
FN:53,Voting.getVoter
FNDA:3,Voting.getVoter
DA:54,3
FN:57,Voting.getOneProposal
FNDA:0,Voting.getOneProposal
DA:58,0
FN:64,Voting.addVoter
FNDA:7,Voting.addVoter
DA:65,7
BRDA:65,0,0,1
BRDA:65,0,1,6
DA:66,6
BRDA:66,1,0,2
BRDA:66,1,1,4
DA:68,4
DA:69,4
FN:75,Voting.addProposal
FNDA:0,Voting.addProposal
DA:76,0
BRDA:76,2,0,-
BRDA:76,2,1,-
DA:77,0
BRDA:77,3,0,-
BRDA:77,3,1,-
DA:80,0
DA:81,0
DA:82,0
DA:84,0
FN:89,Voting.setVote
FNDA:0,Voting.setVote
DA:90,0
BRDA:90,4,0,-
BRDA:90,4,1,-
DA:91,0
BRDA:91,5,0,-
BRDA:91,5,1,-
DA:92,0
BRDA:92,6,0,-
BRDA:92,6,1,-
DA:94,0
DA:95,0
DA:96,0
DA:98,0
FN:104,Voting.startProposalsRegistering
FNDA:2,Voting.startProposalsRegistering
DA:105,2
BRDA:105,7,0,-
BRDA:105,7,1,2
DA:106,2
DA:108,2
DA:109,2
DA:110,2
DA:112,2
FN:115,Voting.endProposalsRegistering
FNDA:0,Voting.endProposalsRegistering
DA:116,0
BRDA:116,8,0,-
BRDA:116,8,1,-
DA:117,0
DA:118,0
FN:121,Voting.startVotingSession
FNDA:0,Voting.startVotingSession
DA:122,0
BRDA:122,9,0,-
BRDA:122,9,1,-
DA:123,0
DA:124,0
FN:127,Voting.endVotingSession
FNDA:0,Voting.endVotingSession
DA:128,0
BRDA:128,10,0,-
BRDA:128,10,1,-
DA:129,0
DA:130,0
FN:134,Voting.tallyVotes
FNDA:0,Voting.tallyVotes
DA:135,0
BRDA:135,11,0,-
BRDA:135,11,1,-
DA:136,0
DA:137,0
DA:138,0
BRDA:138,12,0,-
BRDA:138,12,1,-
DA:139,0
DA:142,0
DA:144,0
DA:145,0
FNF:10
FNH:3
LF:42
LH:11
BRF:26
BRH:5
end_of_record
