TN:
SF:node_modules/@openzeppelin/contracts/access/Ownable.sol
FN:56,Ownable.owner
FNDA:0,Ownable.owner
DA:57,32
FN:63,Ownable._checkOwner
FNDA:32,Ownable._checkOwner
DA:64,32
BRDA:64,0,0,1
BRDA:64,0,1,31
DA:65,1
FN:76,Ownable.renounceOwnership
FNDA:0,Ownable.renounceOwnership
DA:77,0
FN:84,Ownable.transferOwnership
FNDA:0,Ownable.transferOwnership
DA:85,0
BRDA:85,1,0,-
BRDA:85,1,1,-
DA:86,0
DA:88,0
FN:95,Ownable._transferOwnership
FNDA:0,Ownable._transferOwnership
DA:96,0
DA:97,0
DA:98,0
FNF:5
FNH:1
LF:10
LH:3
BRF:4
BRH:2
end_of_record
TN:
SF:node_modules/@openzeppelin/contracts/utils/Context.sol
FN:17,Context._msgSender
FNDA:33,Context._msgSender
DA:18,33
FN:21,Context._msgData
FNDA:0,Context._msgData
DA:22,0
FN:25,Context._contextSuffixLength
FNDA:0,Context._contextSuffixLength
DA:26,0
FNF:3
FNH:1
LF:3
LH:1
BRF:0
BRH:0
end_of_record
TN:
SF:src/voting.sol
FN:53,Voting.getVoter
FNDA:1,Voting.getVoter
DA:54,1
FN:57,Voting.getOneProposal
FNDA:1,Voting.getOneProposal
DA:58,1
FN:64,Voting.addVoter
FNDA:12,Voting.addVoter
DA:65,11
BRDA:65,0,0,-
BRDA:65,0,1,11
DA:66,11
BRDA:66,1,0,1
BRDA:66,1,1,10
DA:68,10
DA:69,10
FN:75,Voting.addProposal
FNDA:7,Voting.addProposal
DA:76,7
BRDA:76,2,0,-
BRDA:76,2,1,7
DA:77,7
BRDA:77,3,0,1
BRDA:77,3,1,6
DA:80,6
DA:81,6
DA:82,6
DA:84,6
FN:89,Voting.setVote
FNDA:7,Voting.setVote
DA:90,7
BRDA:90,4,0,1
BRDA:90,4,1,6
DA:91,6
BRDA:91,5,0,1
BRDA:91,5,1,5
DA:92,5
BRDA:92,6,0,-
BRDA:92,6,1,5
DA:94,5
DA:95,5
DA:96,5
DA:98,5
FN:104,Voting.startProposalsRegistering
FNDA:7,Voting.startProposalsRegistering
DA:105,7
BRDA:105,7,0,-
BRDA:105,7,1,7
DA:106,7
DA:108,7
DA:109,7
DA:110,7
DA:112,7
FN:115,Voting.endProposalsRegistering
FNDA:5,Voting.endProposalsRegistering
DA:116,5
BRDA:116,8,0,-
BRDA:116,8,1,5
DA:117,5
DA:118,5
FN:121,Voting.startVotingSession
FNDA:4,Voting.startVotingSession
DA:122,4
BRDA:122,9,0,-
BRDA:122,9,1,4
DA:123,4
DA:124,4
FN:127,Voting.endVotingSession
FNDA:2,Voting.endVotingSession
DA:128,2
BRDA:128,10,0,-
BRDA:128,10,1,2
DA:129,2
DA:130,2
FN:134,Voting.tallyVotes
FNDA:2,Voting.tallyVotes
DA:135,2
BRDA:135,11,0,-
BRDA:135,11,1,2
DA:136,2
DA:137,2
DA:138,4
BRDA:138,12,0,1
BRDA:138,12,1,4
DA:139,1
DA:142,2
DA:144,2
DA:145,2
FNF:10
FNH:10
LF:42
LH:42
BRF:26
BRH:18
end_of_record
